
============================================================
  Step 3: Covariance matrix
============================================================
[step3 OK] Sigma (98×98), method=ledoit_wolf_hybrid, median_corr=0.3003, min_eig=-2.26e-20

============================================================
  Step 4: Relationship graph
============================================================
[step4 OK] graph: 1135 nodes, 1731 edges, 3/3 hubs reach >=20 NDX

============================================================
  Step 5: Hypotheses
============================================================
[step5 OK] 10 hypotheses, 10 distinct origins

============================================================
  Step 6: Propagation
============================================================
[step6 OK] 78 NDX tickers affected, 69 overlapping, DAG valid

============================================================
  Step 7: Monte Carlo
============================================================
[step7 OK] (500, 98), median_emp_corr=0.3034, CVaR5=-0.2314

============================================================
  Step 8: CVaR optimizer
============================================================
[step8 OK] 60 tickers, solver=SCS/optimal_inaccurate, E[r]=0.0243, CVaR5=0.2103

============================================================
  Step 9: Validator
============================================================
[step9 OK] portfolio validated (60 tickers, $1,000,000)

============================================================
  Step 10: Submit
============================================================
[step10 OK] HTTP 200, saved to C:\Users\nicof\OneDrive\Escritorio\abrollo\project_abrollo\data\submissions\mvp2_run_20260428_104725.json

============================================================
  MVP-2 complete in 3.1 min
============================================================
