
============================================================
  Step 3: Covariance matrix
============================================================
[step3 OK] Sigma (98×98), method=ledoit_wolf_hybrid, median_corr=0.3003, min_eig=-2.26e-20

============================================================
  Step 4: Relationship graph
============================================================
[step4 OK] graph: 1135 nodes, 1731 edges, 3/3 hubs reach >=20 NDX

============================================================
  Step 5: Hypotheses
============================================================
[step5 OK] 10 hypotheses, 10 distinct origins

============================================================
  Step 6: Propagation
============================================================
[step6 OK] 79 NDX tickers affected, 67 overlapping, DAG valid

============================================================
  Step 7: Monte Carlo
============================================================
[step7 OK] (500, 98), median_emp_corr=0.2853, CVaR5=-0.3218

============================================================
  Step 8: CVaR optimizer
============================================================
[step8 OK] 60 tickers, solver=SCS/optimal_inaccurate, E[r]=-0.0109, CVaR5=0.2327

============================================================
  Step 9: Validator
============================================================

*** HALTED at Step 9: Validator (exit code 1) ***
